<?xml version="1.0" encoding="UTF-8"?>
<testsuite xmlns:xsi="http://www.w3.org/2001/XMLSchema-instance" xsi:noNamespaceSchemaLocation="https://maven.apache.org/surefire/maven-surefire-plugin/xsd/surefire-test-report.xsd" name="TestSuite" time="39.56" tests="1" errors="0" skipped="0" failures="1">
  <properties>
    <property name="sun.desktop" value="windows"/>
    <property name="awt.toolkit" value="sun.awt.windows.WToolkit"/>
    <property name="file.encoding.pkg" value="sun.io"/>
    <property name="java.specification.version" value="1.8"/>
    <property name="sun.cpu.isalist" value="amd64"/>
    <property name="sun.jnu.encoding" value="Cp1252"/>
    <property name="java.class.path" value="D:\work\eclipsprojects\com_s4b_cucumber\target\test-classes;D:\work\eclipsprojects\com_s4b_cucumber\target\classes;D:\Users\myol\.m2\repository\org\seleniumhq\selenium\selenium-java\3.4.0\selenium-java-3.4.0.jar;D:\Users\myol\.m2\repository\org\seleniumhq\selenium\selenium-api\3.4.0\selenium-api-3.4.0.jar;D:\Users\myol\.m2\repository\org\seleniumhq\selenium\selenium-chrome-driver\3.4.0\selenium-chrome-driver-3.4.0.jar;D:\Users\myol\.m2\repository\org\seleniumhq\selenium\selenium-edge-driver\3.4.0\selenium-edge-driver-3.4.0.jar;D:\Users\myol\.m2\repository\org\seleniumhq\selenium\selenium-firefox-driver\3.4.0\selenium-firefox-driver-3.4.0.jar;D:\Users\myol\.m2\repository\org\seleniumhq\selenium\selenium-ie-driver\3.4.0\selenium-ie-driver-3.4.0.jar;D:\Users\myol\.m2\repository\org\seleniumhq\selenium\selenium-opera-driver\3.4.0\selenium-opera-driver-3.4.0.jar;D:\Users\myol\.m2\repository\org\seleniumhq\selenium\selenium-remote-driver\3.4.0\selenium-remote-driver-3.4.0.jar;D:\Users\myol\.m2\repository\org\seleniumhq\selenium\selenium-safari-driver\3.4.0\selenium-safari-driver-3.4.0.jar;D:\Users\myol\.m2\repository\org\seleniumhq\selenium\selenium-support\3.4.0\selenium-support-3.4.0.jar;D:\Users\myol\.m2\repository\cglib\cglib-nodep\3.2.4\cglib-nodep-3.2.4.jar;D:\Users\myol\.m2\repository\org\apache\commons\commons-exec\1.3\commons-exec-1.3.jar;D:\Users\myol\.m2\repository\org\apache\commons\commons-lang3\3.5\commons-lang3-3.5.jar;D:\Users\myol\.m2\repository\commons-codec\commons-codec\1.10\commons-codec-1.10.jar;D:\Users\myol\.m2\repository\commons-io\commons-io\2.5\commons-io-2.5.jar;D:\Users\myol\.m2\repository\commons-logging\commons-logging\1.2\commons-logging-1.2.jar;D:\Users\myol\.m2\repository\org\w3c\css\sac\1.3\sac-1.3.jar;D:\Users\myol\.m2\repository\net\sourceforge\cssparser\cssparser\0.9.22\cssparser-0.9.22.jar;D:\Users\myol\.m2\repository\com\google\code\gson\gson\2.8.0\gson-2.8.0.jar;D:\Users\myol\.m2\repository\com\google\guava\guava\21.0\guava-21.0.jar;D:\Users\myol\.m2\repository\org\hamcrest\hamcrest-core\1.3\hamcrest-core-1.3.jar;D:\Users\myol\.m2\repository\net\sourceforge\htmlunit\htmlunit\2.26\htmlunit-2.26.jar;D:\Users\myol\.m2\repository\net\sourceforge\htmlunit\htmlunit-core-js\2.26\htmlunit-core-js-2.26.jar;D:\Users\myol\.m2\repository\net\sourceforge\htmlunit\neko-htmlunit\2.25\neko-htmlunit-2.25.jar;D:\Users\myol\.m2\repository\org\apache\httpcomponents\httpclient\4.5.3\httpclient-4.5.3.jar;D:\Users\myol\.m2\repository\org\apache\httpcomponents\httpcore\4.4.6\httpcore-4.4.6.jar;D:\Users\myol\.m2\repository\org\apache\httpcomponents\httpmime\4.5.3\httpmime-4.5.3.jar;D:\Users\myol\.m2\repository\org\eclipse\jetty\jetty-io\9.4.1.v20170120\jetty-io-9.4.1.v20170120.jar;D:\Users\myol\.m2\repository\org\eclipse\jetty\jetty-util\9.4.1.v20170120\jetty-util-9.4.1.v20170120.jar;D:\Users\myol\.m2\repository\net\java\dev\jna\jna\4.1.0\jna-4.1.0.jar;D:\Users\myol\.m2\repository\net\java\dev\jna\jna-platform\4.1.0\jna-platform-4.1.0.jar;D:\Users\myol\.m2\repository\com\codeborne\phantomjsdriver\1.4.0\phantomjsdriver-1.4.0.jar;D:\Users\myol\.m2\repository\org\seleniumhq\selenium\htmlunit-driver\2.26\htmlunit-driver-2.26.jar;D:\Users\myol\.m2\repository\javax\servlet\javax.servlet-api\3.1.0\javax.servlet-api-3.1.0.jar;D:\Users\myol\.m2\repository\org\eclipse\jetty\websocket\websocket-api\9.4.3.v20170317\websocket-api-9.4.3.v20170317.jar;D:\Users\myol\.m2\repository\org\eclipse\jetty\websocket\websocket-client\9.4.3.v20170317\websocket-client-9.4.3.v20170317.jar;D:\Users\myol\.m2\repository\org\eclipse\jetty\jetty-client\9.4.3.v20170317\jetty-client-9.4.3.v20170317.jar;D:\Users\myol\.m2\repository\org\eclipse\jetty\jetty-http\9.4.3.v20170317\jetty-http-9.4.3.v20170317.jar;D:\Users\myol\.m2\repository\org\eclipse\jetty\websocket\websocket-common\9.4.3.v20170317\websocket-common-9.4.3.v20170317.jar;D:\Users\myol\.m2\repository\xalan\serializer\2.7.2\serializer-2.7.2.jar;D:\Users\myol\.m2\repository\xalan\xalan\2.7.2\xalan-2.7.2.jar;D:\Users\myol\.m2\repository\xerces\xercesImpl\2.11.0\xercesImpl-2.11.0.jar;D:\Users\myol\.m2\repository\xml-apis\xml-apis\1.4.01\xml-apis-1.4.01.jar;D:\Users\myol\.m2\repository\junit\junit\4.12\junit-4.12.jar;D:\Users\myol\.m2\repository\info\cukes\cucumber-junit\1.2.5\cucumber-junit-1.2.5.jar;D:\Users\myol\.m2\repository\info\cukes\cucumber-core\1.2.5\cucumber-core-1.2.5.jar;D:\Users\myol\.m2\repository\info\cukes\cucumber-html\0.2.3\cucumber-html-0.2.3.jar;D:\Users\myol\.m2\repository\info\cukes\cucumber-java\1.2.5\cucumber-java-1.2.5.jar;D:\Users\myol\.m2\repository\info\cukes\cucumber-jvm-deps\1.0.5\cucumber-jvm-deps-1.0.5.jar;D:\Users\myol\.m2\repository\info\cukes\gherkin\2.12.2\gherkin-2.12.2.jar;D:\Users\myol\.m2\repository\org\hamcrest\hamcrest-all\1.3\hamcrest-all-1.3.jar;D:\Users\myol\.m2\repository\info\cukes\cucumber-picocontainer\1.2.5\cucumber-picocontainer-1.2.5.jar;D:\Users\myol\.m2\repository\org\picocontainer\picocontainer\2.15\picocontainer-2.15.jar;D:\Users\myol\.m2\repository\info\cukes\cucumber-testng\1.2.5\cucumber-testng-1.2.5.jar;D:\Users\myol\.m2\repository\com\aventstack\extentreports\3.0.5\extentreports-3.0.5.jar;D:\Users\myol\.m2\repository\org\mongodb\mongodb-driver\3.3.0\mongodb-driver-3.3.0.jar;D:\Users\myol\.m2\repository\org\mongodb\bson\3.3.0\bson-3.3.0.jar;D:\Users\myol\.m2\repository\org\mongodb\mongodb-driver-core\3.3.0\mongodb-driver-core-3.3.0.jar;D:\Users\myol\.m2\repository\org\jsoup\jsoup\1.9.2\jsoup-1.9.2.jar;D:\Users\myol\.m2\repository\org\freemarker\freemarker\2.3.26-incubating\freemarker-2.3.26-incubating.jar;D:\Users\myol\.m2\repository\org\testng\testng\6.14.2\testng-6.14.2.jar;D:\Users\myol\.m2\repository\com\beust\jcommander\1.72\jcommander-1.72.jar;D:\Users\myol\.m2\repository\org\apache-extras\beanshell\bsh\2.0b6\bsh-2.0b6.jar;D:\Users\myol\.m2\repository\net\masterthought\cucumber-reporting\3.6.0\cucumber-reporting-3.6.0.jar;D:\Users\myol\.m2\repository\org\apache\logging\log4j\log4j-api\2.6\log4j-api-2.6.jar;D:\Users\myol\.m2\repository\org\apache\logging\log4j\log4j-core\2.6\log4j-core-2.6.jar;D:\Users\myol\.m2\repository\com\fasterxml\jackson\core\jackson-databind\2.8.5\jackson-databind-2.8.5.jar;D:\Users\myol\.m2\repository\com\fasterxml\jackson\core\jackson-annotations\2.8.0\jackson-annotations-2.8.0.jar;D:\Users\myol\.m2\repository\com\fasterxml\jackson\core\jackson-core\2.8.5\jackson-core-2.8.5.jar;D:\Users\myol\.m2\repository\org\apache\velocity\velocity\1.7\velocity-1.7.jar;D:\Users\myol\.m2\repository\commons-collections\commons-collections\3.2.1\commons-collections-3.2.1.jar;D:\Users\myol\.m2\repository\commons-lang\commons-lang\2.4\commons-lang-2.4.jar;D:\Users\myol\.m2\repository\velocity-tools\velocity-tools\1.4\velocity-tools-1.4.jar;D:\Users\myol\.m2\repository\joda-time\joda-time\2.9.6\joda-time-2.9.6.jar;D:\Users\myol\.m2\repository\net\lingala\zip4j\zip4j\1.3.2\zip4j-1.3.2.jar;D:\Users\myol\.m2\repository\org\codehaus\plexus\plexus-utils\3.0.24\plexus-utils-3.0.24.jar;D:\Users\myol\.m2\repository\com\vimalselvam\cucumber-extentsreport\2.0.4\cucumber-extentsreport-2.0.4.jar;D:\Users\myol\.m2\repository\org\apache\maven\surefire\surefire-testng-utils\2.22.0\surefire-testng-utils-2.22.0.jar;D:\Users\myol\.m2\repository\org\apache\maven\surefire\surefire-grouper\2.22.0\surefire-grouper-2.22.0.jar;"/>
    <property name="java.vm.vendor" value="Oracle Corporation"/>
    <property name="sun.arch.data.model" value="64"/>
    <property name="user.variant" value=""/>
    <property name="java.vendor.url" value="http://java.oracle.com/"/>
    <property name="user.timezone" value="Asia/Istanbul"/>
    <property name="user.country.format" value="TR"/>
    <property name="java.vm.specification.version" value="1.8"/>
    <property name="os.name" value="Windows 10"/>
    <property name="user.country" value="US"/>
    <property name="sun.java.launcher" value="SUN_STANDARD"/>
    <property name="sun.boot.library.path" value="C:\Program Files\Java\jdk1.8.0_171\jre\bin"/>
    <property name="sun.java.command" value="D:\Users\myol\AppData\Local\Temp\surefire6226111274119116566\surefirebooter9080929018249726789.jar D:\Users\myol\AppData\Local\Temp\surefire6226111274119116566 2018-08-23T00-25-26_411-jvmRun1 surefire2705752232680589758tmp surefire_07896978490337258234tmp"/>
    <property name="surefire.test.class.path" value="D:\work\eclipsprojects\com_s4b_cucumber\target\test-classes;D:\work\eclipsprojects\com_s4b_cucumber\target\classes;D:\Users\myol\.m2\repository\org\seleniumhq\selenium\selenium-java\3.4.0\selenium-java-3.4.0.jar;D:\Users\myol\.m2\repository\org\seleniumhq\selenium\selenium-api\3.4.0\selenium-api-3.4.0.jar;D:\Users\myol\.m2\repository\org\seleniumhq\selenium\selenium-chrome-driver\3.4.0\selenium-chrome-driver-3.4.0.jar;D:\Users\myol\.m2\repository\org\seleniumhq\selenium\selenium-edge-driver\3.4.0\selenium-edge-driver-3.4.0.jar;D:\Users\myol\.m2\repository\org\seleniumhq\selenium\selenium-firefox-driver\3.4.0\selenium-firefox-driver-3.4.0.jar;D:\Users\myol\.m2\repository\org\seleniumhq\selenium\selenium-ie-driver\3.4.0\selenium-ie-driver-3.4.0.jar;D:\Users\myol\.m2\repository\org\seleniumhq\selenium\selenium-opera-driver\3.4.0\selenium-opera-driver-3.4.0.jar;D:\Users\myol\.m2\repository\org\seleniumhq\selenium\selenium-remote-driver\3.4.0\selenium-remote-driver-3.4.0.jar;D:\Users\myol\.m2\repository\org\seleniumhq\selenium\selenium-safari-driver\3.4.0\selenium-safari-driver-3.4.0.jar;D:\Users\myol\.m2\repository\org\seleniumhq\selenium\selenium-support\3.4.0\selenium-support-3.4.0.jar;D:\Users\myol\.m2\repository\cglib\cglib-nodep\3.2.4\cglib-nodep-3.2.4.jar;D:\Users\myol\.m2\repository\org\apache\commons\commons-exec\1.3\commons-exec-1.3.jar;D:\Users\myol\.m2\repository\org\apache\commons\commons-lang3\3.5\commons-lang3-3.5.jar;D:\Users\myol\.m2\repository\commons-codec\commons-codec\1.10\commons-codec-1.10.jar;D:\Users\myol\.m2\repository\commons-io\commons-io\2.5\commons-io-2.5.jar;D:\Users\myol\.m2\repository\commons-logging\commons-logging\1.2\commons-logging-1.2.jar;D:\Users\myol\.m2\repository\org\w3c\css\sac\1.3\sac-1.3.jar;D:\Users\myol\.m2\repository\net\sourceforge\cssparser\cssparser\0.9.22\cssparser-0.9.22.jar;D:\Users\myol\.m2\repository\com\google\code\gson\gson\2.8.0\gson-2.8.0.jar;D:\Users\myol\.m2\repository\com\google\guava\guava\21.0\guava-21.0.jar;D:\Users\myol\.m2\repository\org\hamcrest\hamcrest-core\1.3\hamcrest-core-1.3.jar;D:\Users\myol\.m2\repository\net\sourceforge\htmlunit\htmlunit\2.26\htmlunit-2.26.jar;D:\Users\myol\.m2\repository\net\sourceforge\htmlunit\htmlunit-core-js\2.26\htmlunit-core-js-2.26.jar;D:\Users\myol\.m2\repository\net\sourceforge\htmlunit\neko-htmlunit\2.25\neko-htmlunit-2.25.jar;D:\Users\myol\.m2\repository\org\apache\httpcomponents\httpclient\4.5.3\httpclient-4.5.3.jar;D:\Users\myol\.m2\repository\org\apache\httpcomponents\httpcore\4.4.6\httpcore-4.4.6.jar;D:\Users\myol\.m2\repository\org\apache\httpcomponents\httpmime\4.5.3\httpmime-4.5.3.jar;D:\Users\myol\.m2\repository\org\eclipse\jetty\jetty-io\9.4.1.v20170120\jetty-io-9.4.1.v20170120.jar;D:\Users\myol\.m2\repository\org\eclipse\jetty\jetty-util\9.4.1.v20170120\jetty-util-9.4.1.v20170120.jar;D:\Users\myol\.m2\repository\net\java\dev\jna\jna\4.1.0\jna-4.1.0.jar;D:\Users\myol\.m2\repository\net\java\dev\jna\jna-platform\4.1.0\jna-platform-4.1.0.jar;D:\Users\myol\.m2\repository\com\codeborne\phantomjsdriver\1.4.0\phantomjsdriver-1.4.0.jar;D:\Users\myol\.m2\repository\org\seleniumhq\selenium\htmlunit-driver\2.26\htmlunit-driver-2.26.jar;D:\Users\myol\.m2\repository\javax\servlet\javax.servlet-api\3.1.0\javax.servlet-api-3.1.0.jar;D:\Users\myol\.m2\repository\org\eclipse\jetty\websocket\websocket-api\9.4.3.v20170317\websocket-api-9.4.3.v20170317.jar;D:\Users\myol\.m2\repository\org\eclipse\jetty\websocket\websocket-client\9.4.3.v20170317\websocket-client-9.4.3.v20170317.jar;D:\Users\myol\.m2\repository\org\eclipse\jetty\jetty-client\9.4.3.v20170317\jetty-client-9.4.3.v20170317.jar;D:\Users\myol\.m2\repository\org\eclipse\jetty\jetty-http\9.4.3.v20170317\jetty-http-9.4.3.v20170317.jar;D:\Users\myol\.m2\repository\org\eclipse\jetty\websocket\websocket-common\9.4.3.v20170317\websocket-common-9.4.3.v20170317.jar;D:\Users\myol\.m2\repository\xalan\serializer\2.7.2\serializer-2.7.2.jar;D:\Users\myol\.m2\repository\xalan\xalan\2.7.2\xalan-2.7.2.jar;D:\Users\myol\.m2\repository\xerces\xercesImpl\2.11.0\xercesImpl-2.11.0.jar;D:\Users\myol\.m2\repository\xml-apis\xml-apis\1.4.01\xml-apis-1.4.01.jar;D:\Users\myol\.m2\repository\junit\junit\4.12\junit-4.12.jar;D:\Users\myol\.m2\repository\info\cukes\cucumber-junit\1.2.5\cucumber-junit-1.2.5.jar;D:\Users\myol\.m2\repository\info\cukes\cucumber-core\1.2.5\cucumber-core-1.2.5.jar;D:\Users\myol\.m2\repository\info\cukes\cucumber-html\0.2.3\cucumber-html-0.2.3.jar;D:\Users\myol\.m2\repository\info\cukes\cucumber-java\1.2.5\cucumber-java-1.2.5.jar;D:\Users\myol\.m2\repository\info\cukes\cucumber-jvm-deps\1.0.5\cucumber-jvm-deps-1.0.5.jar;D:\Users\myol\.m2\repository\info\cukes\gherkin\2.12.2\gherkin-2.12.2.jar;D:\Users\myol\.m2\repository\org\hamcrest\hamcrest-all\1.3\hamcrest-all-1.3.jar;D:\Users\myol\.m2\repository\info\cukes\cucumber-picocontainer\1.2.5\cucumber-picocontainer-1.2.5.jar;D:\Users\myol\.m2\repository\org\picocontainer\picocontainer\2.15\picocontainer-2.15.jar;D:\Users\myol\.m2\repository\info\cukes\cucumber-testng\1.2.5\cucumber-testng-1.2.5.jar;D:\Users\myol\.m2\repository\com\aventstack\extentreports\3.0.5\extentreports-3.0.5.jar;D:\Users\myol\.m2\repository\org\mongodb\mongodb-driver\3.3.0\mongodb-driver-3.3.0.jar;D:\Users\myol\.m2\repository\org\mongodb\bson\3.3.0\bson-3.3.0.jar;D:\Users\myol\.m2\repository\org\mongodb\mongodb-driver-core\3.3.0\mongodb-driver-core-3.3.0.jar;D:\Users\myol\.m2\repository\org\jsoup\jsoup\1.9.2\jsoup-1.9.2.jar;D:\Users\myol\.m2\repository\org\freemarker\freemarker\2.3.26-incubating\freemarker-2.3.26-incubating.jar;D:\Users\myol\.m2\repository\org\testng\testng\6.14.2\testng-6.14.2.jar;D:\Users\myol\.m2\repository\com\beust\jcommander\1.72\jcommander-1.72.jar;D:\Users\myol\.m2\repository\org\apache-extras\beanshell\bsh\2.0b6\bsh-2.0b6.jar;D:\Users\myol\.m2\repository\net\masterthought\cucumber-reporting\3.6.0\cucumber-reporting-3.6.0.jar;D:\Users\myol\.m2\repository\org\apache\logging\log4j\log4j-api\2.6\log4j-api-2.6.jar;D:\Users\myol\.m2\repository\org\apache\logging\log4j\log4j-core\2.6\log4j-core-2.6.jar;D:\Users\myol\.m2\repository\com\fasterxml\jackson\core\jackson-databind\2.8.5\jackson-databind-2.8.5.jar;D:\Users\myol\.m2\repository\com\fasterxml\jackson\core\jackson-annotations\2.8.0\jackson-annotations-2.8.0.jar;D:\Users\myol\.m2\repository\com\fasterxml\jackson\core\jackson-core\2.8.5\jackson-core-2.8.5.jar;D:\Users\myol\.m2\repository\org\apache\velocity\velocity\1.7\velocity-1.7.jar;D:\Users\myol\.m2\repository\commons-collections\commons-collections\3.2.1\commons-collections-3.2.1.jar;D:\Users\myol\.m2\repository\commons-lang\commons-lang\2.4\commons-lang-2.4.jar;D:\Users\myol\.m2\repository\velocity-tools\velocity-tools\1.4\velocity-tools-1.4.jar;D:\Users\myol\.m2\repository\joda-time\joda-time\2.9.6\joda-time-2.9.6.jar;D:\Users\myol\.m2\repository\net\lingala\zip4j\zip4j\1.3.2\zip4j-1.3.2.jar;D:\Users\myol\.m2\repository\org\codehaus\plexus\plexus-utils\3.0.24\plexus-utils-3.0.24.jar;D:\Users\myol\.m2\repository\com\vimalselvam\cucumber-extentsreport\2.0.4\cucumber-extentsreport-2.0.4.jar;D:\Users\myol\.m2\repository\org\apache\maven\surefire\surefire-testng-utils\2.22.0\surefire-testng-utils-2.22.0.jar;D:\Users\myol\.m2\repository\org\apache\maven\surefire\surefire-grouper\2.22.0\surefire-grouper-2.22.0.jar;"/>
    <property name="sun.cpu.endian" value="little"/>
    <property name="user.home" value="D:\Users\myol"/>
    <property name="user.language" value="en"/>
    <property name="java.specification.vendor" value="Oracle Corporation"/>
    <property name="java.home" value="C:\Program Files\Java\jdk1.8.0_171\jre"/>
    <property name="basedir" value="D:\work\eclipsprojects\com_s4b_cucumber"/>
    <property name="file.separator" value="\"/>
    <property name="line.separator" value="&#10;"/>
    <property name="java.vm.specification.vendor" value="Oracle Corporation"/>
    <property name="java.specification.name" value="Java Platform API Specification"/>
    <property name="java.awt.graphicsenv" value="sun.awt.Win32GraphicsEnvironment"/>
    <property name="surefire.real.class.path" value="D:\Users\myol\AppData\Local\Temp\surefire6226111274119116566\surefirebooter9080929018249726789.jar"/>
    <property name="sun.boot.class.path" value="C:\Program Files\Java\jdk1.8.0_171\jre\lib\resources.jar;C:\Program Files\Java\jdk1.8.0_171\jre\lib\rt.jar;C:\Program Files\Java\jdk1.8.0_171\jre\lib\sunrsasign.jar;C:\Program Files\Java\jdk1.8.0_171\jre\lib\jsse.jar;C:\Program Files\Java\jdk1.8.0_171\jre\lib\jce.jar;C:\Program Files\Java\jdk1.8.0_171\jre\lib\charsets.jar;C:\Program Files\Java\jdk1.8.0_171\jre\lib\jfr.jar;C:\Program Files\Java\jdk1.8.0_171\jre\classes"/>
    <property name="user.script" value=""/>
    <property name="sun.management.compiler" value="HotSpot 64-Bit Tiered Compilers"/>
    <property name="java.runtime.version" value="1.8.0_171-b11"/>
    <property name="user.name" value="myol"/>
    <property name="path.separator" value=";"/>
    <property name="os.version" value="10.0"/>
    <property name="java.endorsed.dirs" value="C:\Program Files\Java\jdk1.8.0_171\jre\lib\endorsed"/>
    <property name="java.runtime.name" value="Java(TM) SE Runtime Environment"/>
    <property name="file.encoding" value="Cp1252"/>
    <property name="java.vm.name" value="Java HotSpot(TM) 64-Bit Server VM"/>
    <property name="localRepository" value="D:\Users\myol\.m2\repository"/>
    <property name="java.vendor.url.bug" value="http://bugreport.sun.com/bugreport/"/>
    <property name="java.io.tmpdir" value="D:\Users\myol\AppData\Local\Temp\"/>
    <property name="java.version" value="1.8.0_171"/>
    <property name="user.dir" value="D:\work\eclipsprojects\com_s4b_cucumber"/>
    <property name="os.arch" value="amd64"/>
    <property name="java.vm.specification.name" value="Java Virtual Machine Specification"/>
    <property name="java.awt.printerjob" value="sun.awt.windows.WPrinterJob"/>
    <property name="user.language.format" value="tr"/>
    <property name="sun.os.patch.level" value=""/>
    <property name="java.library.path" value="C:\Program Files\Java\jdk1.8.0_171\jre\bin;C:\Windows\Sun\Java\bin;C:\Windows\system32;C:\Windows;C:\Program Files (x86)\Common Files\Oracle\Java\javapath;C:\Program Files\avs\bin;C:\Program Files\avs\bin32;C:\Windows\system32;C:\Windows;C:\Windows\System32\Wbem;C:\Windows\System32\WindowsPowerShell\v1.0\;C:\Program Files (x86)\Sennheiser\SoftphoneSDK\;C:\Windows\CCM;C:\Program Files (x86)\Enterprise Vault\EVClient\;C:\Program Files\Java\jre1.8.0_151\bin;C:\Program Files (x86)\Microsoft SQL Server\Client SDK\ODBC\130\Tools\Binn\;C:\Program Files (x86)\Microsoft SQL Server\140\Tools\Binn\;C:\Program Files (x86)\Microsoft SQL Server\140\DTS\Binn\;C:\Program Files (x86)\Microsoft SQL Server\140\Tools\Binn\ManagementStudio\;C:\Program Files\Microsoft SQL Server\Client SDK\ODBC\130\Tools\Binn\;C:\Program Files\Microsoft SQL Server\140\Tools\Binn\;C:\Program Files\Microsoft SQL Server\140\DTS\Binn\;C:\Program Files\PuTTY\;D:\Users\myol\AppData\Local\Android\Sdk\platform-tools;D:\Users\myol\AppData\Local\Android\Sdk\tools;D:\Users\myol\AppData\Local\Android\Sdk\tools\bin;C:\Program Files\Java\jdk1.8.0_171\bin;C:\Program Files\nodejs\;C:\Program Files\nodejs\node_modules\npm\bin;C:\work\apache-maven-3.5.4\bin;D:\Users\myol\AppData\Local\Microsoft\WindowsApps;D:\Users\myol\AppData\Roaming\npm;."/>
    <property name="java.vm.info" value="mixed mode"/>
    <property name="java.vendor" value="Oracle Corporation"/>
    <property name="java.vm.version" value="25.171-b11"/>
    <property name="java.ext.dirs" value="C:\Program Files\Java\jdk1.8.0_171\jre\lib\ext;C:\Windows\Sun\Java\lib\ext"/>
    <property name="sun.io.unicode.encoding" value="UnicodeLittle"/>
    <property name="java.class.version" value="52.0"/>
  </properties>
  <testcase name="feature" classname="runners.runner_login_valid_credentials_Test" time="38.174">
    <failure message="org.openqa.selenium.NoSuchElementException: no such element: Unable to locate element: {&quot;method&quot;:&quot;xpath&quot;,&quot;selector&quot;:&quot;//*[@id=&quot;body&quot;]/div[3]/div[2]/div[3]/button[2]&quot;}&#10;  (Session info: content shell=)&#10;  (Driver info: chromedriver=2.36.540470 (e522d04694c7ebea4ba8821272dbef4f9b818c91),platform=Windows NT 10.0.14393 x86_64) (WARNING: The server did not provide any stacktrace information)&#10;Command duration or timeout: 95 milliseconds&#10;For documentation on this error, please visit: http://seleniumhq.org/exceptions/no_such_element.html&#10;Build info: version: &apos;3.4.0&apos;, revision: &apos;unknown&apos;, time: &apos;unknown&apos;&#10;System info: host: &apos;NTS5CG7321YLY&apos;, ip: &apos;192.168.1.54&apos;, os.name: &apos;Windows 10&apos;, os.arch: &apos;amd64&apos;, os.version: &apos;10.0&apos;, java.version: &apos;1.8.0_171&apos;&#10;Driver info: org.openqa.selenium.chrome.ChromeDriver&#10;Capabilities [{applicationCacheEnabled=false, rotatable=false, mobileEmulationEnabled=false, networkConnectionEnabled=false, chrome={chromedriverVersion=2.36.540470 (e522d04694c7ebea4ba8821272dbef4f9b818c91), userDataDir=D:\Users\myol\AppData\Local\Temp\scoped_dir12248_24367}, takesHeapSnapshot=true, pageLoadStrategy=normal, databaseEnabled=false, handlesAlerts=true, hasTouchScreen=false, version=, platform=XP, browserConnectionEnabled=false, nativeEvents=true, acceptSslCerts=false, acceptInsecureCerts=false, locationContextEnabled=true, webStorageEnabled=true, browserName=chrome, takesScreenshot=true, javascriptEnabled=true, cssSelectorsEnabled=true, setWindowRect=true, unexpectedAlertBehaviour=}]&#10;Session ID: 8db96f1446a9161f496560fffcc4963b&#10;*** Element info: {Using=xpath, value=//*[@id=&quot;body&quot;]/div[3]/div[2]/div[3]/button[2]}" type="cucumber.runtime.CucumberException">cucumber.runtime.CucumberException: 
org.openqa.selenium.NoSuchElementException: no such element: Unable to locate element: {"method":"xpath","selector":"//*[@id="body"]/div[3]/div[2]/div[3]/button[2]"}
  (Session info: content shell=)
  (Driver info: chromedriver=2.36.540470 (e522d04694c7ebea4ba8821272dbef4f9b818c91),platform=Windows NT 10.0.14393 x86_64) (WARNING: The server did not provide any stacktrace information)
Command duration or timeout: 95 milliseconds
For documentation on this error, please visit: http://seleniumhq.org/exceptions/no_such_element.html
Build info: version: '3.4.0', revision: 'unknown', time: 'unknown'
System info: host: 'NTS5CG7321YLY', ip: '192.168.1.54', os.name: 'Windows 10', os.arch: 'amd64', os.version: '10.0', java.version: '1.8.0_171'
Driver info: org.openqa.selenium.chrome.ChromeDriver
Capabilities [{applicationCacheEnabled=false, rotatable=false, mobileEmulationEnabled=false, networkConnectionEnabled=false, chrome={chromedriverVersion=2.36.540470 (e522d04694c7ebea4ba8821272dbef4f9b818c91), userDataDir=D:\Users\myol\AppData\Local\Temp\scoped_dir12248_24367}, takesHeapSnapshot=true, pageLoadStrategy=normal, databaseEnabled=false, handlesAlerts=true, hasTouchScreen=false, version=, platform=XP, browserConnectionEnabled=false, nativeEvents=true, acceptSslCerts=false, acceptInsecureCerts=false, locationContextEnabled=true, webStorageEnabled=true, browserName=chrome, takesScreenshot=true, javascriptEnabled=true, cssSelectorsEnabled=true, setWindowRect=true, unexpectedAlertBehaviour=}]
Session ID: 8db96f1446a9161f496560fffcc4963b
*** Element info: {Using=xpath, value=//*[@id="body"]/div[3]/div[2]/div[3]/button[2]}
Caused by: org.openqa.selenium.NoSuchElementException: 
no such element: Unable to locate element: {"method":"xpath","selector":"//*[@id="body"]/div[3]/div[2]/div[3]/button[2]"}
  (Session info: content shell=)
  (Driver info: chromedriver=2.36.540470 (e522d04694c7ebea4ba8821272dbef4f9b818c91),platform=Windows NT 10.0.14393 x86_64) (WARNING: The server did not provide any stacktrace information)
Command duration or timeout: 95 milliseconds
For documentation on this error, please visit: http://seleniumhq.org/exceptions/no_such_element.html
Build info: version: '3.4.0', revision: 'unknown', time: 'unknown'
System info: host: 'NTS5CG7321YLY', ip: '192.168.1.54', os.name: 'Windows 10', os.arch: 'amd64', os.version: '10.0', java.version: '1.8.0_171'
Driver info: org.openqa.selenium.chrome.ChromeDriver
Capabilities [{applicationCacheEnabled=false, rotatable=false, mobileEmulationEnabled=false, networkConnectionEnabled=false, chrome={chromedriverVersion=2.36.540470 (e522d04694c7ebea4ba8821272dbef4f9b818c91), userDataDir=D:\Users\myol\AppData\Local\Temp\scoped_dir12248_24367}, takesHeapSnapshot=true, pageLoadStrategy=normal, databaseEnabled=false, handlesAlerts=true, hasTouchScreen=false, version=, platform=XP, browserConnectionEnabled=false, nativeEvents=true, acceptSslCerts=false, acceptInsecureCerts=false, locationContextEnabled=true, webStorageEnabled=true, browserName=chrome, takesScreenshot=true, javascriptEnabled=true, cssSelectorsEnabled=true, setWindowRect=true, unexpectedAlertBehaviour=}]
Session ID: 8db96f1446a9161f496560fffcc4963b
*** Element info: {Using=xpath, value=//*[@id="body"]/div[3]/div[2]/div[3]/button[2]}
</failure>
    <system-out><![CDATA[Feature: Login successfully to S4B
[CDwindow-07782f84-ade0-44f1-a773-bc0cb77bface, CDwindow-2ad676f1-e903-4ae2-a91d-18865c74cb69]
count is0
count is1
we are in the login page

  Scenario: Login to S4B with correct credentials       &amp#27;[90m# src/test/resources/features/login.feature:6&amp#27;[0m
    &amp#27;[32mGiven &amp#27;[0m&amp#27;[32mS&amp#27;[0m&amp#27;[32m&amp#27;[1m4&amp#27;[0m&amp#27;[32mB is launched&amp#27;[0m                               &amp#27;[90m# stepdef_login_valid_credentials_Test.s_B_is_launched(int)&amp#27;[0m
    &amp#27;[32mWhen &amp#27;[0m&amp#27;[32mEnter valid UC_username&amp#27;[0m                        &amp#27;[90m# stepdef_login_valid_credentials_Test.enter_valid_UC_username()&amp#27;[0m
    &amp#27;[32mAnd &amp#27;[0m&amp#27;[32mEnter valid UC_paserword&amp#27;[0m                        &amp#27;[90m# stepdef_login_valid_credentials_Test.enter_valid_UC_paserword()&amp#27;[0m
    &amp#27;[32mAnd &amp#27;[0m&amp#27;[32mClick on UC_login button&amp#27;[0m                        &amp#27;[90m# stepdef_login_valid_credentials_Test.click_on_UC_login_button()&amp#27;[0m
    &amp#27;[32mThen &amp#27;[0m&amp#27;[32mapplication navigates to  S&amp#27;[0m&amp#27;[32m&amp#27;[1m4&amp#27;[0m&amp#27;[32mB skype login page&amp#27;[0m &amp#27;[90m# stepdef_login_valid_credentials_Test.application_navigates_to_S_B_skype_login_page(int)&amp#27;[0m
    &amp#27;[32mAnd &amp#27;[0m&amp#27;[32mEnter valid skype_username&amp#27;[0m                      &amp#27;[90m# stepdef_login_valid_credentials_Test.enter_valid_skype_username()&amp#27;[0m
    &amp#27;[32mAnd &amp#27;[0m&amp#27;[32mEnter valid skype_pasword&amp#27;[0m                       &amp#27;[90m# stepdef_login_valid_credentials_Test.enter_valid_skype_pasword()&amp#27;[0m
    &amp#27;[32mWhen &amp#27;[0m&amp#27;[32mClick on skype_login button&amp#27;[0m                    &amp#27;[90m# stepdef_login_valid_credentials_Test.click_on_skype_login_button()&amp#27;[0m
    &amp#27;[32mThen &amp#27;[0m&amp#27;[32msave credentials  message appears&amp#27;[0m              &amp#27;[90m# stepdef_login_valid_credentials_Test.save_credentials_message_appears()&amp#27;[0m
    &amp#27;[31mWhen &amp#27;[0m&amp#27;[31mClick Ok button&amp#27;[0m                                &amp#27;[90m# stepdef_login_valid_credentials_Test.click_Ok_button()&amp#27;[0m
      &amp#27;[31morg.openqa.selenium.NoSuchElementException: no such element: Unable to locate element: {"method":"xpath","selector":"//*[@id="body"]/div[3]/div[2]/div[3]/button[2]"}
        (Session info: content shell=)
        (Driver info: chromedriver=2.36.540470 (e522d04694c7ebea4ba8821272dbef4f9b818c91),platform=Windows NT 10.0.14393 x86_64) (WARNING: The server did not provide any stacktrace information)
      Command duration or timeout: 95 milliseconds
      For documentation on this error, please visit: http://seleniumhq.org/exceptions/no_such_element.html
      Build info: version: '3.4.0', revision: 'unknown', time: 'unknown'
      System info: host: 'NTS5CG7321YLY', ip: '192.168.1.54', os.name: 'Windows 10', os.arch: 'amd64', os.version: '10.0', java.version: '1.8.0_171'
      Driver info: org.openqa.selenium.chrome.ChromeDriver
      Capabilities [{applicationCacheEnabled=false, rotatable=false, mobileEmulationEnabled=false, networkConnectionEnabled=false, chrome={chromedriverVersion=2.36.540470 (e522d04694c7ebea4ba8821272dbef4f9b818c91), userDataDir=D:\Users\myol\AppData\Local\Temp\scoped_dir12248_24367}, takesHeapSnapshot=true, pageLoadStrategy=normal, databaseEnabled=false, handlesAlerts=true, hasTouchScreen=false, version=, platform=XP, browserConnectionEnabled=false, nativeEvents=true, acceptSslCerts=false, acceptInsecureCerts=false, locationContextEnabled=true, webStorageEnabled=true, browserName=chrome, takesScreenshot=true, javascriptEnabled=true, cssSelectorsEnabled=true, setWindowRect=true, unexpectedAlertBehaviour=}]
      Session ID: 8db96f1446a9161f496560fffcc4963b
      *** Element info: {Using=xpath, value=//*[@id="body"]/div[3]/div[2]/div[3]/button[2]}
      	at sun.reflect.NativeConstructorAccessorImpl.newInstance0(Native Method)
      	at sun.reflect.NativeConstructorAccessorImpl.newInstance(NativeConstructorAccessorImpl.java:62)
      	at sun.reflect.DelegatingConstructorAccessorImpl.newInstance(DelegatingConstructorAccessorImpl.java:45)
      	at java.lang.reflect.Constructor.newInstance(Constructor.java:423)
      	at org.openqa.selenium.remote.ErrorHandler.createThrowable(ErrorHandler.java:215)
      	at org.openqa.selenium.remote.ErrorHandler.throwIfResponseFailed(ErrorHandler.java:167)
      	at org.openqa.selenium.remote.RemoteWebDriver.execute(RemoteWebDriver.java:671)
      	at org.openqa.selenium.remote.RemoteWebDriver.findElement(RemoteWebDriver.java:410)
      	at org.openqa.selenium.remote.RemoteWebDriver.findElementByXPath(RemoteWebDriver.java:509)
      	at org.openqa.selenium.By$ByXPath.findElement(By.java:361)
      	at org.openqa.selenium.remote.RemoteWebDriver.findElement(RemoteWebDriver.java:402)
      	at stepdefinitions.stepdef_login_valid_credentials_Test.click_Ok_button(stepdef_login_valid_credentials_Test.java:148)
      	at ?.When Click Ok button(src/test/resources/features/login.feature:17)
      &amp#27;[0m
    &amp#27;[36mThen &amp#27;[0m&amp#27;[36muser reaches the main page&amp#27;[0m                     &amp#27;[90m# stepdef_login_valid_credentials_Test.user_reaches_the_main_page()&amp#27;[0m
    &amp#27;[36mAnd &amp#27;[0m&amp#27;[36mClick on settings_button&amp#27;[0m                        &amp#27;[90m# stepdef_login_valid_credentials_Test.Click_on_settings_button()&amp#27;[0m
    &amp#27;[36mAnd &amp#27;[0m&amp#27;[36mClick on logout_button&amp#27;[0m                          &amp#27;[90m# stepdef_login_valid_credentials_Test.Click_on_logout_button()&amp#27;[0m
    &amp#27;[36mAnd &amp#27;[0m&amp#27;[36mClick on popup_logout_button&amp#27;[0m                    &amp#27;[90m# stepdef_login_valid_credentials_Test.Click_on_popup_logout_button()&amp#27;[0m
    &amp#27;[36mGiven &amp#27;[0m&amp#27;[36mS&amp#27;[0m&amp#27;[36m&amp#27;[1m4&amp#27;[0m&amp#27;[36mB is launched&amp#27;[0m                               &amp#27;[90m# stepdef_login_valid_credentials_Test.s_B_is_launched(int)&amp#27;[0m
    &amp#27;[36mThen &amp#27;[0m&amp#27;[36mquit the app&amp#27;[0m                                   &amp#27;[90m# stepdef_login_valid_credentials_Test.quit_the_app()&amp#27;[0m
]]></system-out>
    <system-err><![CDATA[Starting ChromeDriver 2.36.540470 (e522d04694c7ebea4ba8821272dbef4f9b818c91) on port 15067
Only local connections are allowed.
Aug 23, 2018 12:25:30 AM org.openqa.selenium.remote.ProtocolHandshake createSession
INFO: Detected dialect: OSS
]]></system-err>
  </testcase>
</testsuite>